\BOOKMARK [0][-]{chapter*.1}{\376\377\000S\000p\000i\000s\000\040\000t\000r\000e\001\133\000c\000i}{}% 1
\BOOKMARK [0][-]{chapter.1}{\376\377\000C\000e\000l\000\040\000p\000r\000a\000c\000y}{}% 2
\BOOKMARK [0][-]{chapter.2}{\376\377\000W\000s\000t\001\031\000p}{}% 3
\BOOKMARK [1][-]{section.2.1}{\376\377\000W\000s\000t\001\031\000p\000\040\000t\000e\000o\000r\000e\000t\000y\000c\000z\000n\000y\000\040\000-\000\040\000p\000r\000z\000e\000t\000w\000o\000r\000n\000i\000c\000e\000\040\000n\000a\000p\000i\001\031\000c\000i\000o\000w\000e\000\040\000D\000C}{chapter.2}% 4
\BOOKMARK [1][-]{section.2.2}{\376\377\000P\000r\000e\000z\000e\000n\000t\000a\000c\000j\000a\000\040\000p\000r\000o\000b\000l\000e\000m\000u}{chapter.2}% 5
\BOOKMARK [0][-]{chapter.3}{\376\377\000P\000r\000z\000e\000g\000l\001\005\000d\000\040\000o\000b\000e\000c\000n\000y\000c\000h\000\040\000r\000o\000z\000w\000i\001\005\000z\000a\001\104}{}% 6
\BOOKMARK [1][-]{section.3.1}{\376\377\000R\000o\000z\000w\000i\001\005\000z\000a\000n\000i\000a\000\040\000d\000o\000s\000t\001\031\000p\000n\000e\000\040\000n\000a\000\040\000r\000y\000n\000k\000u\000\040\000k\000o\000m\000e\000r\000c\000y\000j\000n\000y\000m}{chapter.3}% 7
\BOOKMARK [1][-]{section.3.2}{\376\377\000A\000l\000t\000e\000r\000n\000a\000t\000y\000w\000n\000e\000\040\000r\000o\000z\000w\000i\001\005\000z\000a\000n\000i\000a}{chapter.3}% 8
\BOOKMARK [1][-]{section.3.3}{\376\377\000P\000r\000o\000p\000o\000n\000o\000w\000a\000n\000e\000\040\000r\000o\000z\000w\000i\001\005\000z\000a\000n\000i\000e}{chapter.3}% 9
\BOOKMARK [0][-]{chapter.4}{\376\377\000R\000e\000a\000l\000i\000z\000a\000c\000j\000a\000\040\000p\000r\000o\000j\000e\000k\000t\000u}{}% 10
\BOOKMARK [1][-]{section.4.1}{\376\377\000P\000r\000o\000j\000e\000k\000t\000\040\000e\000l\000e\000k\000t\000r\000o\000n\000i\000k\000i}{chapter.4}% 11
\BOOKMARK [2][-]{subsection.4.1.1}{\376\377\000K\000o\000n\000t\000r\000o\000l\000e\000r}{section.4.1}% 12
\BOOKMARK [2][-]{subsection.4.1.2}{\376\377\000Z\000a\000s\000i\000l\000a\000c\000z\000\040\000r\000e\000g\000u\000l\000o\000w\000a\000n\000y}{section.4.1}% 13
\BOOKMARK [2][-]{subsection.4.1.3}{\376\377\000O\000b\000c\000i\001\005\001\174\000e\000n\000i\000e\000\040\000a\000k\000t\000y\000w\000n\000e}{section.4.1}% 14
\BOOKMARK [1][-]{section.4.2}{\376\377\000O\000p\000r\000o\000g\000r\000a\000m\000o\000w\000a\000n\000i\000e}{chapter.4}% 15
\BOOKMARK [2][-]{subsection.4.2.1}{\376\377\000M\000o\000d\000u\001\102\000\040\000k\000o\000n\000t\000r\000o\000l\000e\000r\000a}{section.4.2}% 16
\BOOKMARK [2][-]{subsection.4.2.2}{\376\377\000P\000o\000z\000o\000s\000t\000a\001\102\000e\000\040\000m\000o\000d\000u\001\102\000y}{section.4.2}% 17
\BOOKMARK [1][-]{section.4.3}{\376\377\000M\000e\000c\000h\000a\000n\000i\000k\000a}{chapter.4}% 18
\BOOKMARK [0][-]{chapter.5}{\376\377\000T\000e\000s\000t\000y}{}% 19
\BOOKMARK [1][-]{section.5.1}{\376\377\000T\000e\000s\000t\000y}{chapter.5}% 20
\BOOKMARK [2][-]{subsection.5.1.1}{\376\377\000T\000e\000s\000t\000y\000\040\000z\000a\000s\000i\000l\000a\000c\000z\000a\000\040\000r\000e\000g\000u\000l\000o\000w\000a\000n\000e\000g\000o}{section.5.1}% 21
\BOOKMARK [2][-]{subsection.5.1.2}{\376\377\000T\000e\000s\000t\000y\000\040\000o\000b\000c\000i\001\005\001\174\000e\000n\000i\000a\000\040\000a\000k\000t\000y\000w\000n\000e\000g\000o}{section.5.1}% 22
\BOOKMARK [2][-]{subsection.5.1.3}{\376\377\000P\000o\000m\000i\000a\000r\000\040\000p\000r\001\005\000d\000u\000\040\000i\000\040\000n\000a\000p\000i\001\031\000c\000i\000a}{section.5.1}% 23
\BOOKMARK [2][-]{subsection.5.1.4}{\376\377\000A\000u\000t\000o\000m\000a\000t\000y\000c\000z\000n\000y\000\040\000p\000o\000m\000i\000a\000r\000\040\000s\000p\000r\000a\000w\000n\000o\001\133\000c\000i\000\040\000p\000r\000z\000e\000t\000w\000o\000r\000n\000i\000c\000y}{section.5.1}% 24
\BOOKMARK [0][-]{chapter.6}{\376\377\000P\000o\000d\000s\000u\000m\000o\000w\000a\000n\000i\000e}{}% 25
\BOOKMARK [0][-]{appendix.A}{\376\377\000M\000o\000d\000u\001\102\000\040\000k\000o\000n\000t\000r\000o\000l\000e\000r\000a}{}% 26
\BOOKMARK [0][-]{appendix.B}{\376\377\000M\000o\000d\000u\001\102\000\040\000z\000a\000s\000i\000l\000a\000c\000z\000a\000\040\000r\000e\000g\000u\000l\000o\000w\000a\000n\000e\000g\000o}{}% 27
\BOOKMARK [0][-]{appendix.C}{\376\377\000M\000o\000d\000u\001\102\000\040\000o\000b\000c\000i\001\005\001\174\000e\000n\000i\000a\000\040\000a\000k\000t\000y\000w\000n\000e\000g\000o}{}% 28
\BOOKMARK [0][-]{appendix.D}{\376\377\000P\000a\000n\000e\000l\000e\000\040\000p\000r\000z\000y\000c\000i\000s\000k\000\363\000w}{}% 29
